{"dataLength":600,"fileName":"healthcare_data_260kb.xlsx","level":"info","message":"Excel/CSV processing details","sheetNames":["Sheet1"],"timestamp":"2025-05-02T12:16:42.334Z","userId":"681097910edd0b285d72afe7"}
{"fileName":"healthcare_data_260kb.xlsx","length":370279,"level":"info","message":"Extracted document text","timestamp":"2025-05-02T12:16:42.345Z","userId":"681097910edd0b285d72afe7"}
{"fileName":"healthcare_data_260kb.xlsx","length":448294,"level":"info","message":"AI transformation response","timestamp":"2025-05-02T12:16:42.348Z","userId":"681097910edd0b285d72afe7"}
{"count":600,"fileName":"healthcare_data_260kb.xlsx","level":"info","message":"Extracted data items","timestamp":"2025-05-02T12:16:42.653Z","userId":"681097910edd0b285d72afe7"}
{"level":"info","message":"GridFS initialized for DigitalOcean MongoDB","timestamp":"2025-05-12T15:58:10.892Z"}
{"categoryName":"befc42bc-4259-4028-baf3-3edc3b3eec55","dashboardId":"6814af9941a29ce2aa1fcefe","error":"No document found for query \"{ _id: new ObjectId(\"6814af9941a29ce2aa1fcefe\") }\" on model \"Dashboard\"","level":"error","message":"Error updating category data","stack":"DocumentNotFoundError: No document found for query \"{ _id: new ObjectId(\"6814af9941a29ce2aa1fcefe\") }\" on model \"Dashboard\"\n    at /Users/borisvilhard/Inovep-bakckend/node_modules/mongoose/lib/model.js:437:17\n    at /Users/borisvilhard/Inovep-bakckend/node_modules/mongoose/lib/model.js:355:7\n    at collectionOperationCallback (/Users/borisvilhard/Inovep-bakckend/node_modules/mongoose/lib/drivers/node-mongodb-native/collection.js:207:24)\n    at /Users/borisvilhard/Inovep-bakckend/node_modules/mongoose/node_modules/mongodb/lib/utils.js:348:28\n    at process.processTicksAndRejections (node:internal/process/task_queues:95:5)","timestamp":"2025-05-12T16:01:19.461Z","userId":"681097910edd0b285d72afe7"}
{"categoryName":"0de8652e-294b-43dc-8082-95e02d7dd8dc","dashboardId":"6814af9941a29ce2aa1fcefe","error":"No document found for query \"{ _id: new ObjectId(\"6814af9941a29ce2aa1fcefe\") }\" on model \"Dashboard\"","level":"error","message":"Error updating category data","stack":"DocumentNotFoundError: No document found for query \"{ _id: new ObjectId(\"6814af9941a29ce2aa1fcefe\") }\" on model \"Dashboard\"\n    at /Users/borisvilhard/Inovep-bakckend/node_modules/mongoose/lib/model.js:437:17\n    at /Users/borisvilhard/Inovep-bakckend/node_modules/mongoose/lib/model.js:355:7\n    at collectionOperationCallback (/Users/borisvilhard/Inovep-bakckend/node_modules/mongoose/lib/drivers/node-mongodb-native/collection.js:207:24)\n    at /Users/borisvilhard/Inovep-bakckend/node_modules/mongoose/node_modules/mongodb/lib/utils.js:348:28\n    at process.processTicksAndRejections (node:internal/process/task_queues:95:5)","timestamp":"2025-05-12T16:01:19.476Z","userId":"681097910edd0b285d72afe7"}
{"dataLength":13,"fileName":"Monthly_Profits_5.xlsx","level":"info","message":"Excel/CSV processing details","sheetNames":["Sheet1"],"timestamp":"2025-05-12T16:01:57.896Z","userId":"681097910edd0b285d72afe7"}
{"fileName":"Monthly_Profits_5.xlsx","length":457,"level":"info","message":"Extracted document text","timestamp":"2025-05-12T16:01:57.896Z","userId":"681097910edd0b285d72afe7"}
{"fileName":"Monthly_Profits_5.xlsx","length":862,"level":"info","message":"AI transformation response","timestamp":"2025-05-12T16:01:57.897Z","userId":"681097910edd0b285d72afe7"}
{"count":13,"fileName":"Monthly_Profits_5.xlsx","level":"info","message":"Extracted data items","timestamp":"2025-05-12T16:01:57.898Z","userId":"681097910edd0b285d72afe7"}
{"level":"info","message":"GridFS initialized for DigitalOcean MongoDB","timestamp":"2025-05-12T16:06:34.270Z"}
{"dataLength":2,"fileName":"invoice_1.xlsx","level":"info","message":"Excel/CSV processing details","sheetNames":["Sheet1"],"timestamp":"2025-05-12T16:06:58.493Z","userId":"681097910edd0b285d72afe7"}
{"fileName":"invoice_1.xlsx","length":200,"level":"info","message":"Extracted document text","timestamp":"2025-05-12T16:06:58.494Z","userId":"681097910edd0b285d72afe7"}
{"fileName":"invoice_1.xlsx","length":355,"level":"info","message":"AI transformation response","timestamp":"2025-05-12T16:06:58.495Z","userId":"681097910edd0b285d72afe7"}
{"count":2,"fileName":"invoice_1.xlsx","level":"info","message":"Extracted data items","timestamp":"2025-05-12T16:06:58.497Z","userId":"681097910edd0b285d72afe7"}
{"error":"Dashboard validation failed: files.0.chunkCount: Path `chunkCount` (0) is less than minimum allowed value (1).","fileName":"invoice_1.xlsx","fileType":"application/vnd.openxmlformats-officedocument.spreadsheetml.sheet","level":"error","message":"Error in createOrUpdateDashboard","stack":"ValidationError: Dashboard validation failed: files.0.chunkCount: Path `chunkCount` (0) is less than minimum allowed value (1).\n    at Document.invalidate (/Users/borisvilhard/Inovep-bakckend/node_modules/mongoose/lib/document.js:3197:32)\n    at Subdocument.invalidate (/Users/borisvilhard/Inovep-bakckend/node_modules/mongoose/lib/types/subdocument.js:225:12)\n    at /Users/borisvilhard/Inovep-bakckend/node_modules/mongoose/lib/document.js:2985:17\n    at /Users/borisvilhard/Inovep-bakckend/node_modules/mongoose/lib/schematype.js:1350:9\n    at process.processTicksAndRejections (node:internal/process/task_queues:77:11)","timestamp":"2025-05-12T16:06:58.555Z","userId":"681097910edd0b285d72afe7"}
{"level":"info","message":"GridFS initialized for DigitalOcean MongoDB","timestamp":"2025-05-12T16:55:01.833Z"}
{"dataLength":20,"fileName":"hospital_stats_dataset_1.xlsx","level":"info","message":"Excel/CSV processing details","sheetNames":["Sheet1"],"timestamp":"2025-05-12T16:55:29.866Z","userId":"681097910edd0b285d72afe7"}
{"fileName":"hospital_stats_dataset_1.xlsx","length":4960,"level":"info","message":"Extracted document text","timestamp":"2025-05-12T16:55:29.866Z","userId":"681097910edd0b285d72afe7"}
{"fileName":"hospital_stats_dataset_1.xlsx","length":7175,"level":"info","message":"AI transformation response","timestamp":"2025-05-12T16:55:29.867Z","userId":"681097910edd0b285d72afe7"}
{"count":20,"fileName":"hospital_stats_dataset_1.xlsx","level":"info","message":"Extracted data items","timestamp":"2025-05-12T16:55:29.868Z","userId":"681097910edd0b285d72afe7"}
{"dashboardId":"68221b7567afb0c71c08f3ab","fileName":"hospital_stats_dataset_1.xlsx","fileSize":6646,"level":"info","message":"Dashboard processed successfully","timestamp":"2025-05-12T16:55:30.191Z","userId":"681097910edd0b285d72afe7"}
